<?xml version="1.0" encoding="UTF-8" ?>
<testsuite errors="2" failures="1" hostname="DESKTOP-A0LR1BR" name="playblackjack.PlayBlackjackTest" skipped="0" tests="5" time="0.088" timestamp="2019-04-20T23:19:20">
  <properties>
    <property name="default.javac.source" value="1.8" />
    <property name="file.encoding.pkg" value="sun.io" />
    <property name="javac.source" value="1.8" />
    <property name="testng.debug.mode" value="" />
    <property name="java.home" value="C:\Program Files\Java\jdk1.8.0_181\jre" />
    <property name="libs.eclipselinkmodelgen.classpath" value="C:\Users\marth\OneDrive\Documents\netbeans\netbeans\java\modules\ext\eclipselink\org.eclipse.persistence.jpa.modelgen.processor-2.5.2.jar" />
    <property name="ant.file.PlayBlackjack" value="C:\Users\marth\Desktop\Sheridan\WINTER 2019\SOFTWARE DESIGN\PlayBlackjack\build.xml" />
    <property name="ant.file.type.PlayBlackjack-impl" value="file" />
    <property name="test.src.dir" value="test" />
    <property name="libs.JAXB-ENDORSED.javadoc" value="" />
    <property name="sun.java2d.dpiaware" value="true" />
    <property name="libs.jaxws21.src" value="" />
    <property name="javadoc.version" value="false" />
    <property name="libs.CopyLibs.classpath" value="C:\Users\marth\OneDrive\Documents\netbeans\netbeans\java\ant\extra\org-netbeans-modules-java-j2seproject-copylibstask.jar" />
    <property name="libs.javac-api.src" value="" />
    <property name="java.endorsed.dirs" value="C:\Program Files\Java\jdk1.8.0_181\jre\lib\endorsed" />
    <property name="libs.jaxb.javadoc" value="C:\Users\marth\OneDrive\Documents\netbeans\netbeans\ide\docs\jaxb-api-2.2.5-javadoc.jar" />
    <property name="libs.PostgreSQLDriver.src" value="" />
    <property name="src.dir" value="src" />
    <property name="sun.java2d.noddraw" value="true" />
    <property name="netbeans.hash.code" value="unique=097e59918-0dcf-4464-87a7-13707608e8aa_45622f7f-8003-4af4-a6fe-35e8b7279451" />
    <property name="build.sysclasspath" value="ignore" />
    <property name="have.sources" value="true" />
    <property name="includes" value="**" />
    <property name="javac.fork" value="true" />
    <property name="source.encoding" value="UTF-8" />
    <property name="libs.jaxws21.classpath" value="C:\Users\marth\OneDrive\Documents\netbeans\netbeans\java\modules\ext\jaxws22\FastInfoset.jar;C:\Users\marth\OneDrive\Documents\netbeans\netbeans\java\modules\ext\jaxws22\gmbal-api-only.jar;C:\Users\marth\OneDrive\Documents\netbeans\netbeans\java\modules\ext\jaxws22\ha-api.jar;C:\Users\marth\OneDrive\Documents\netbeans\netbeans\java\modules\ext\jaxws22\javax.mail_1.4.jar;C:\Users\marth\OneDrive\Documents\netbeans\netbeans\java\modules\ext\jaxws22\jaxws-rt.jar;C:\Users\marth\OneDrive\Documents\netbeans\netbeans\java\modules\ext\jaxws22\jaxws-tools.jar;C:\Users\marth\OneDrive\Documents\netbeans\netbeans\java\modules\ext\jaxws22\management-api.jar;C:\Users\marth\OneDrive\Documents\netbeans\netbeans\java\modules\ext\jaxws22\mimepull.jar;C:\Users\marth\OneDrive\Documents\netbeans\netbeans\java\modules\ext\jaxws22\policy.jar;C:\Users\marth\OneDrive\Documents\netbeans\netbeans\java\modules\ext\jaxws22\saaj-impl.jar;C:\Users\marth\OneDrive\Documents\netbeans\netbeans\java\modules\ext\jaxws22\stax-ex.jar;C:\Users\marth\OneDrive\Documents\netbeans\netbeans\java\modules\ext\jaxws22\stax2-api.jar;C:\Users\marth\OneDrive\Documents\netbeans\netbeans\java\modules\ext\jaxws22\streambuffer.jar;C:\Users\marth\OneDrive\Documents\netbeans\netbeans\java\modules\ext\jaxws22\woodstox-core-asl.jar;C:\Users\marth\OneDrive\Documents\netbeans\netbeans\java\modules\ext\jaxws22\api\jaxws-api.jar;C:\Users\marth\OneDrive\Documents\netbeans\netbeans\java\modules\ext\jaxws22\api\jsr181-api.jar;C:\Users\marth\OneDrive\Documents\netbeans\netbeans\java\modules\ext\jaxws22\api\javax.annotation.jar;C:\Users\marth\OneDrive\Documents\netbeans\netbeans\java\modules\ext\jaxws22\api\saaj-api.jar;C:\Users\marth\OneDrive\Documents\netbeans\netbeans\ide\modules\ext\jaxb\activation.jar;C:\Users\marth\OneDrive\Documents\netbeans\netbeans\ide\modules\ext\jaxb\api\jaxb-api.jar" />
    <property name="sun.os.patch.level" value="" />
    <property name="java.vendor.url" value="http://java.oracle.com/" />
    <property name="java.version" value="1.8.0_181" />
    <property name="nb.show.statistics.ui" value="usageStatisticsEnabled" />
    <property name="libs.testng.src" value="" />
    <property name="javac.modulepath" value="" />
    <property name="javac.debug" value="true" />
    <property name="org.openide.major.version" value="IDE/1" />
    <property name="libs.JAXB-ENDORSED.classpath" value="C:\Users\marth\OneDrive\Documents\netbeans\netbeans\ide\modules\ext\jaxb\api\jaxb-api.jar" />
    <property name="run.classpath" value=":build/classes" />
    <property name="libs.PostgreSQLDriver.maven-pom" value="" />
    <property name="java.vendor.url.bug" value="http://bugreport.sun.com/bugreport/" />
    <property name="netbeans.autoupdate.variant" value="" />
    <property name="libs.eclipselink.javadoc" value="C:\Users\marth\OneDrive\Documents\netbeans\netbeans\java\modules\ext\docs\javax.persistence-2.1.0-doc.zip" />
    <property name="libs.absolutelayout.javadoc" value="" />
    <property name="libs.junit_4.maven-pom" value="" />
    <property name="netbeans.buildnumber" value="incubator-netbeans-release-334-on-20180708" />
    <property name="ant.project.invoked-targets" value="test" />
    <property name="annotation.processing.run.all.processors" value="true" />
    <property name="manifest.file" value="manifest.mf" />
    <property name="user.name" value="marth" />
    <property name="libs.testng.maven-pom" value="" />
    <property name="libs.eclipselinkmodelgen.src" value="" />
    <property name="empty.dir" value="C:\Users\marth\Desktop\Sheridan\WINTER 2019\SOFTWARE DESIGN\PlayBlackjack\build\empty" />
    <property name="sun.io.unicode.encoding" value="UnicodeLittle" />
    <property name="sun.jnu.encoding" value="Cp1252" />
    <property name="java.runtime.name" value="Java(TM) SE Runtime Environment" />
    <property name="jdk.home" value="C:\Program Files\Java\jdk1.8.0_181" />
    <property name="libs.hamcrest.maven-pom" value="" />
    <property name="sun.awt.keepWorkingSetOnMinimize" value="true" />
    <property name="netbeans.autoupdate.version" value="1.23" />
    <property name="netbeans.dirs" value="C:\Users\marth\OneDrive\Documents\netbeans\netbeans\nb;C:\Users\marth\OneDrive\Documents\netbeans\netbeans\ergonomics;C:\Users\marth\OneDrive\Documents\netbeans\netbeans\ide;C:\Users\marth\OneDrive\Documents\netbeans\netbeans\extide;C:\Users\marth\OneDrive\Documents\netbeans\netbeans\java;C:\Users\marth\OneDrive\Documents\netbeans\netbeans\apisupport;C:\Users\marth\OneDrive\Documents\netbeans\netbeans\webcommon;C:\Users\marth\OneDrive\Documents\netbeans\netbeans\websvccommon;C:\Users\marth\OneDrive\Documents\netbeans\netbeans\enterprise;C:\Users\marth\OneDrive\Documents\netbeans\netbeans\mobility;C:\Users\marth\OneDrive\Documents\netbeans\netbeans\profiler;C:\Users\marth\OneDrive\Documents\netbeans\netbeans\python;C:\Users\marth\OneDrive\Documents\netbeans\netbeans\php;C:\Users\marth\OneDrive\Documents\netbeans\netbeans\identity;C:\Users\marth\OneDrive\Documents\netbeans\netbeans\harness;C:\Users\marth\OneDrive\Documents\netbeans\netbeans\cnd;C:\Users\marth\OneDrive\Documents\netbeans\netbeans\cndext;C:\Users\marth\OneDrive\Documents\netbeans\netbeans\dlight;C:\Users\marth\OneDrive\Documents\netbeans\netbeans\groovy;C:\Users\marth\OneDrive\Documents\netbeans\netbeans\extra;C:\Users\marth\OneDrive\Documents\netbeans\netbeans\javacard;C:\Users\marth\OneDrive\Documents\netbeans\netbeans\javafx" />
    <property name="javac.test.compilerargs" value="" />
    <property name="main.class.available" value="true" />
    <property name="java.specification.name" value="Java Platform API Specification" />
    <property name="sun.awt.datatransfer.timeout" value="1000" />
    <property name="javadoc.author" value="false" />
    <property name="ap.proc.none.internal" value="" />
    <property name="user.timezone" value="" />
    <property name="nb.native.filechooser" value="false" />
    <property name="netbeans.extbrowser.manual_chrome_plugin_install" value="yes" />
    <property name="manifest.available" value="true" />
    <property name="org.openide.specification.version" value="6.2" />
    <property name="user.script" value="" />
    <property name="path.separator" value=";" />
    <property name="testng.mode" value="testng" />
    <property name="libs.absolutelayout.classpath" value="C:\Users\marth\OneDrive\Documents\netbeans\netbeans\java\modules\ext\AbsoluteLayout.jar" />
    <property name="libs.jaxb.maven-pom" value="" />
    <property name="libs.spring-framework400.maven-pom" value="" />
    <property name="netbeans.accept_license_class" value="org.netbeans.license.AcceptLicense" />
    <property name="file.encoding" value="Cp1252" />
    <property name="libs.eclipselink.src" value="" />
    <property name="dist.javadoc.dir" value="dist/javadoc" />
    <property name="libs.spring-framework400.src" value="" />
    <property name="ant.project.default-target" value="default" />
    <property name="javac.profile.cmd.line.arg" value="" />
    <property name="libs.JAXB-ENDORSED.src" value="" />
    <property name="sun.java.command" value="org.apache.tools.ant.taskdefs.optional.junit.JUnitTestRunner playblackjack.PlayBlackjackTest skipNonTests=false filtertrace=true haltOnError=false haltOnFailure=false showoutput=true outputtoformatters=true logfailedtests=true threadid=0 logtestlistenerevents=true formatter=org.apache.tools.ant.taskdefs.optional.junit.BriefJUnitResultFormatter formatter=org.apache.tools.ant.taskdefs.optional.junit.XMLJUnitResultFormatter,C:\Users\marth\Desktop\Sheridan\WINTER 2019\SOFTWARE DESIGN\PlayBlackjack\build\test\results\TEST-playblackjack.PlayBlackjackTest.xml crashfile=C:\Users\marth\Desktop\Sheridan\WINTER 2019\SOFTWARE DESIGN\PlayBlackjack\build\junitvmwatcher42733301573611333.properties propsfile=C:\Users\marth\Desktop\Sheridan\WINTER 2019\SOFTWARE DESIGN\PlayBlackjack\build\junit9062692723260600128.properties" />
    <property name="https.nonProxyHosts" value="localhost|127.0.0.1|DESKTOP-A0LR1BR" />
    <property name="plugin.manager.check.updates" value="false" />
    <property name="built-jar.properties" value="C:\Users\marth\Desktop\Sheridan\WINTER 2019\SOFTWARE DESIGN\PlayBlackjack\build\built-jar.properties" />
    <property name="ant.junit.enabletestlistenerevents" value="true" />
    <property name="ant.file" value="C:\Users\marth\Desktop\Sheridan\WINTER 2019\SOFTWARE DESIGN\PlayBlackjack\build.xml" />
    <property name="libs.junit_4.src" value="C:\Users\marth\OneDrive\Documents\netbeans\netbeans\platform\docs\junit-4.12-sources.jar" />
    <property name="libs.hamcrest.src" value="" />
    <property name="junit.available" value="true" />
    <property name="netbeans.autoupdate.language" value="en" />
    <property name="java.io.tmpdir" value="C:\Users\marth\AppData\Local\Temp\" />
    <property name="build.test.results.dir" value="build/test/results" />
    <property name="user.language" value="en" />
    <property name="libs.jpa20-persistence.classpath" value="C:\Users\marth\OneDrive\Documents\netbeans\netbeans\java\modules\ext\eclipselink\javax.persistence-2.1.0.jar" />
    <property name="libs.spring-framework300.src" value="" />
    <property name="line.separator" value="&#xd;&#xa;" />
    <property name="apple.laf.useScreenMenuBar" value="true" />
    <property name="libs.absolutelayout.src" value="" />
    <property name="javac.compilerargs" value="" />
    <property name="javac.test.sourcepath" value="C:\Users\marth\Desktop\Sheridan\WINTER 2019\SOFTWARE DESIGN\PlayBlackjack\build\empty" />
    <property name="jar.compress" value="false" />
    <property name="debug-transport-by-os" value="dt_shmem" />
    <property name="libs.JWSAntTasks.src" value="" />
    <property name="java.vm.info" value="mixed mode" />
    <property name="libs.javac-api.maven-pom" value="" />
    <property name="javadoc.private" value="false" />
    <property name="annotation.processing.processors.list" value="" />
    <property name="sun.desktop" value="windows" />
    <property name="java.vm.specification.name" value="Java Virtual Machine Specification" />
    <property name="build.test.classes.dir" value="build/test/classes" />
    <property name="libs.jaxb.src" value="" />
    <property name="test.binaryexcludes" value="" />
    <property name="netbeans.dynamic.classpath" value="C:\Users\marth\OneDrive\Documents\netbeans\netbeans\platform\core\asm-all-5.0.1.jar;C:\Users\marth\OneDrive\Documents\netbeans\netbeans\platform\core\core-base.jar;C:\Users\marth\OneDrive\Documents\netbeans\netbeans\platform\core\core.jar;C:\Users\marth\OneDrive\Documents\netbeans\netbeans\platform\core\org-netbeans-libs-asm.jar;C:\Users\marth\OneDrive\Documents\netbeans\netbeans\platform\core\org-openide-filesystems-compat8.jar;C:\Users\marth\OneDrive\Documents\netbeans\netbeans\platform\core\org-openide-filesystems.jar;C:\Users\marth\OneDrive\Documents\netbeans\netbeans\nb\core\org-netbeans-upgrader.jar;C:\Users\marth\OneDrive\Documents\netbeans\netbeans\nb\core\locale\core_nb.jar" />
    <property name="platform.active" value="default_platform" />
    <property name="ap.cmd.line.internal" value="" />
    <property name="jdkBug6558476" value="false" />
    <property name="libs.spring-framework300.classpath" value="C:\Users\marth\OneDrive\Documents\netbeans\netbeans\ide\modules\org-apache-commons-logging.jar;C:\Users\marth\OneDrive\Documents\netbeans\netbeans\java\modules\ext\cglib-2.2.jar;C:\Users\marth\OneDrive\Documents\netbeans\netbeans\java\modules\ext\spring-3.0\spring-aop-3.2.7.RELEASE.jar;C:\Users\marth\OneDrive\Documents\netbeans\netbeans\java\modules\ext\spring-3.0\spring-aspects-3.2.7.RELEASE.jar;C:\Users\marth\OneDrive\Documents\netbeans\netbeans\java\modules\ext\spring-3.0\spring-beans-3.2.7.RELEASE.jar;C:\Users\marth\OneDrive\Documents\netbeans\netbeans\java\modules\ext\spring-3.0\spring-build-src-3.2.7.RELEASE.jar;C:\Users\marth\OneDrive\Documents\netbeans\netbeans\java\modules\ext\spring-3.0\spring-context-3.2.7.RELEASE.jar;C:\Users\marth\OneDrive\Documents\netbeans\netbeans\java\modules\ext\spring-3.0\spring-context-support-3.2.7.RELEASE.jar;C:\Users\marth\OneDrive\Documents\netbeans\netbeans\java\modules\ext\spring-3.0\spring-core-3.2.7.RELEASE.jar;C:\Users\marth\OneDrive\Documents\netbeans\netbeans\java\modules\ext\spring-3.0\spring-expression-3.2.7.RELEASE.jar;C:\Users\marth\OneDrive\Documents\netbeans\netbeans\java\modules\ext\spring-3.0\spring-framework-bom-3.2.7.RELEASE.jar;C:\Users\marth\OneDrive\Documents\netbeans\netbeans\java\modules\ext\spring-3.0\spring-instrument-3.2.7.RELEASE.jar;C:\Users\marth\OneDrive\Documents\netbeans\netbeans\java\modules\ext\spring-3.0\spring-instrument-tomcat-3.2.7.RELEASE.jar;C:\Users\marth\OneDrive\Documents\netbeans\netbeans\java\modules\ext\spring-3.0\spring-jdbc-3.2.7.RELEASE.jar;C:\Users\marth\OneDrive\Documents\netbeans\netbeans\java\modules\ext\spring-3.0\spring-jms-3.2.7.RELEASE.jar;C:\Users\marth\OneDrive\Documents\netbeans\netbeans\java\modules\ext\spring-3.0\spring-orm-3.2.7.RELEASE.jar;C:\Users\marth\OneDrive\Documents\netbeans\netbeans\java\modules\ext\spring-3.0\spring-oxm-3.2.7.RELEASE.jar;C:\Users\marth\OneDrive\Documents\netbeans\netbeans\java\modules\ext\spring-3.0\spring-struts-3.2.7.RELEASE.jar;C:\Users\marth\OneDrive\Documents\netbeans\netbeans\java\modules\ext\spring-3.0\spring-test-3.2.7.RELEASE.jar;C:\Users\marth\OneDrive\Documents\netbeans\netbeans\java\modules\ext\spring-3.0\spring-tx-3.2.7.RELEASE.jar;C:\Users\marth\OneDrive\Documents\netbeans\netbeans\java\modules\ext\spring-3.0\spring-web-3.2.7.RELEASE.jar;C:\Users\marth\OneDrive\Documents\netbeans\netbeans\java\modules\ext\spring-3.0\spring-webmvc-3.2.7.RELEASE.jar;C:\Users\marth\OneDrive\Documents\netbeans\netbeans\java\modules\ext\spring-3.0\spring-webmvc-portlet-3.2.7.RELEASE.jar" />
    <property name="java.failonerror" value="true" />
    <property name="http.nonProxyHosts" value="localhost|127.0.0.1|DESKTOP-A0LR1BR" />
    <property name="libs.junit_4.javadoc" value="C:\Users\marth\OneDrive\Documents\netbeans\netbeans\platform\docs\junit-4.12-javadoc.jar" />
    <property name="netbeans.autoupdate.country" value="CA" />
    <property name="do.mkdist" value="true" />
    <property name="javadoc.encoding" value="UTF-8" />
    <property name="java.awt.printerjob" value="sun.awt.windows.WPrinterJob" />
    <property name="ap.processors.internal" value="" />
    <property name="do.archive" value="true" />
    <property name="dist.jar" value="dist/PlayBlackjack.jar" />
    <property name="meta.inf.dir" value="src/META-INF" />
    <property name="ant.version" value="Apache Ant(TM) version 1.10.4 compiled on June 19 2018" />
    <property name="netbeans.home" value="C:\Users\marth\OneDrive\Documents\netbeans\netbeans\platform" />
    <property name="javadoc.nonavbar" value="false" />
    <property name="libs.jpa20-persistence.src" value="" />
    <property name="user.properties.file" value="C:\Users\marth\AppData\Roaming\NetBeans\9.0\build.properties" />
    <property name="libs.JWSAntTasks.classpath" value="C:\Users\marth\OneDrive\Documents\netbeans\netbeans\java\ant\extra\org-netbeans-modules-javawebstart-anttasks.jar" />
    <property name="netbeans.importclass" value="org.netbeans.upgrade.AutoUpgrade" />
    <property name="javac.external.vm" value="true" />
    <property name="annotation.processing.source.output" value="build/generated-sources/ap-source-output" />
    <property name="libs.CopyLibs.maven-pom" value="" />
    <property name="build.generated.dir" value="build/generated" />
    <property name="netbeans.home+have.tests" value="true" />
    <property name="libs.eclipselink.maven-pom" value="" />
    <property name="apple.awt.graphics.UseQuartz" value="true" />
    <property name="os.name" value="Windows 10" />
    <property name="java.specification.vendor" value="Oracle Corporation" />
    <property name="nb.wait.for.caches" value="true" />
    <property name="run.test.classpath" value=":build/classes:C:\Users\marth\OneDrive\Documents\netbeans\netbeans\platform\modules\ext\junit-4.12.jar:C:\Users\marth\OneDrive\Documents\netbeans\netbeans\platform\modules\ext\hamcrest-core-1.3.jar:build/test/classes" />
    <property name="do.archive+main.class.available" value="true" />
    <property name="libs.CopyLibs.src" value="" />
    <property name="java.vm.name" value="Java HotSpot(TM) 64-Bit Server VM" />
    <property name="org.openide.version" value="deprecated" />
    <property name="sun.awt.enableExtraMouseButtons" value="true" />
    <property name="java.library.path" value="C:\Program Files\Java\jdk1.8.0_181\jre\bin;C:\WINDOWS\Sun\Java\bin;C:\WINDOWS\system32;C:\WINDOWS;C:\Program Files (x86)\Common Files\Oracle\Java\javapath;C:\Program Files (x86)\Intel\iCLS Client\;C:\Program Files\Intel\iCLS Client\;C:\Windows\system32;C:\Windows;C:\Windows\System32\Wbem;C:\Windows\System32\WindowsPowerShell\v1.0\;C:\Program Files (x86)\NVIDIA Corporation\PhysX\Common;C:\Program Files (x86)\Intel\Intel(R) Management Engine Components\DAL;C:\Program Files\Intel\Intel(R) Management Engine Components\DAL;C:\Program Files (x86)\Intel\Intel(R) Management Engine Components\IPT;C:\Program Files\Intel\Intel(R) Management Engine Components\IPT;C:\Program Files (x86)\Skype\Phone\;C:\WINDOWS\system32;C:\WINDOWS;C:\WINDOWS\System32\Wbem;C:\WINDOWS\System32\WindowsPowerShell\v1.0\;C:\WINDOWS\System32\OpenSSH\;C:\Program Files\Intel\WiFi\bin\;C:\Program Files\Common Files\Intel\WirelessCommon\;C:\Users\marth\AppData\Local\Programs\Python\Python36\Scripts\;C:\Users\marth\AppData\Local\Programs\Python\Python36\;C:\Users\marth\AppData\Local\Microsoft\WindowsApps;C:\Program Files\Microsoft VS Code\bin;C:\Users\marth\AppData\Local\atom\bin;C:\Users\marth\AppData\Local\GitHubDesktop\bin;%USERPROFILE%\AppData\Local\Microsoft\WindowsApps;;." />
    <property name="ap.supported.internal" value="true" />
    <property name="libs.PostgreSQLDriver.javadoc" value="" />
    <property name="libs.eclipselinkmodelgen.maven-pom" value="" />
    <property name="ant.java.version" value="1.8" />
    <property name="libs.hamcrest.javadoc" value="" />
    <property name="java.class.version" value="52.0" />
    <property name="jna.boot.library.name" value="jnidispatch-440" />
    <property name="javadoc.noindex" value="false" />
    <property name="basedir" value="C:\Users\marth\Desktop\Sheridan\WINTER 2019\SOFTWARE DESIGN\PlayBlackjack" />
    <property name="javac.test.classpath" value=":build/classes:C:\Users\marth\OneDrive\Documents\netbeans\netbeans\platform\modules\ext\junit-4.12.jar:C:\Users\marth\OneDrive\Documents\netbeans\netbeans\platform\modules\ext\hamcrest-core-1.3.jar" />
    <property name="javac.processorpath" value="" />
    <property name="ant.home" value="C:\Users\marth\OneDrive\Documents\netbeans\netbeans\extide\ant" />
    <property name="javadoc.splitindex" value="true" />
    <property name="libs.javac-api.javadoc" value="" />
    <property name="javac.test.processorpath" value=":build/classes:C:\Users\marth\OneDrive\Documents\netbeans\netbeans\platform\modules\ext\junit-4.12.jar:C:\Users\marth\OneDrive\Documents\netbeans\netbeans\platform\modules\ext\hamcrest-core-1.3.jar" />
    <property name="javadoc.preview" value="true" />
    <property name="copylibs.rebase" value="true" />
    <property name="libs.CopyLibs.javadoc" value="" />
    <property name="libs.PostgreSQLDriver.classpath" value="C:\Users\marth\OneDrive\Documents\netbeans\netbeans\ide\modules\ext\postgresql-9.4.1209.jar" />
    <property name="junit.forkmode" value="perTest" />
    <property name="libs.jaxws21.maven-pom" value="" />
    <property name="libs.junit_4.classpath" value="C:\Users\marth\OneDrive\Documents\netbeans\netbeans\platform\modules\ext\junit-4.12.jar" />
    <property name="test.binarytestincludes" value="" />
    <property name="ant.file.type.PlayBlackjack" value="file" />
    <property name="build.dir" value="build" />
    <property name="sun.boot.library.path" value="C:\Program Files\Java\jdk1.8.0_181\jre\bin" />
    <property name="dist.archive.excludes" value="" />
    <property name="sun.management.compiler" value="HotSpot 64-Bit Tiered Compilers" />
    <property name="user.variant" value="" />
    <property name="libs.testng.classpath" value="C:\Users\marth\OneDrive\Documents\netbeans\netbeans\platform\modules\ext\testng-6.8.1-dist.jar" />
    <property name="java.awt.graphicsenv" value="sun.awt.Win32GraphicsEnvironment" />
    <property name="netbeans.logger.console" value="true" />
    <property name="libs.jpa20-persistence.javadoc" value="C:\Users\marth\OneDrive\Documents\netbeans\netbeans\java\modules\ext\docs\javax.persistence-2.1.0-doc.zip" />
    <property name="javadoc.encoding.used" value="UTF-8" />
    <property name="libs.testng.javadoc" value="C:\Users\marth\OneDrive\Documents\netbeans\netbeans\platform\docs\testng-6.8.1-javadoc.zip" />
    <property name="javadoc.windowtitle" value="" />
    <property name="javac.processormodulepath" value="" />
    <property name="netbeans.productversion" value="Apache NetBeans IDE 9.0 (Build incubator-netbeans-release-334-on-20180708)" />
    <property name="libs.hamcrest.classpath" value="C:\Users\marth\OneDrive\Documents\netbeans\netbeans\platform\modules\ext\hamcrest-core-1.3.jar" />
    <property name="annotation.processing.enabled" value="true" />
    <property name="libs.JAXB-ENDORSED.maven-pom" value="" />
    <property name="run.jvmargs.ide" value="" />
    <property name="run.jvmargs" value="" />
    <property name="nb.junit.single" value="false" />
    <property name="build.generated.sources.dir" value="build/generated-sources" />
    <property name="build.compiler.emacs" value="true" />
    <property name="ant.project.name" value="PlayBlackjack" />
    <property name="java.vm.specification.version" value="1.8" />
    <property name="libs.spring-framework400.classpath" value="C:\Users\marth\OneDrive\Documents\netbeans\netbeans\ide\modules\org-apache-commons-logging.jar;C:\Users\marth\OneDrive\Documents\netbeans\netbeans\java\modules\ext\cglib-2.2.jar;C:\Users\marth\OneDrive\Documents\netbeans\netbeans\java\modules\ext\spring-4\spring-aop-4.0.1.RELEASE.jar;C:\Users\marth\OneDrive\Documents\netbeans\netbeans\java\modules\ext\spring-4\spring-aspects-4.0.1.RELEASE.jar;C:\Users\marth\OneDrive\Documents\netbeans\netbeans\java\modules\ext\spring-4\spring-beans-4.0.1.RELEASE.jar;C:\Users\marth\OneDrive\Documents\netbeans\netbeans\java\modules\ext\spring-4\spring-build-src-4.0.1.RELEASE.jar;C:\Users\marth\OneDrive\Documents\netbeans\netbeans\java\modules\ext\spring-4\spring-context-4.0.1.RELEASE.jar;C:\Users\marth\OneDrive\Documents\netbeans\netbeans\java\modules\ext\spring-4\spring-context-support-4.0.1.RELEASE.jar;C:\Users\marth\OneDrive\Documents\netbeans\netbeans\java\modules\ext\spring-4\spring-core-4.0.1.RELEASE.jar;C:\Users\marth\OneDrive\Documents\netbeans\netbeans\java\modules\ext\spring-4\spring-expression-4.0.1.RELEASE.jar;C:\Users\marth\OneDrive\Documents\netbeans\netbeans\java\modules\ext\spring-4\spring-framework-bom-4.0.1.RELEASE.jar;C:\Users\marth\OneDrive\Documents\netbeans\netbeans\java\modules\ext\spring-4\spring-instrument-4.0.1.RELEASE.jar;C:\Users\marth\OneDrive\Documents\netbeans\netbeans\java\modules\ext\spring-4\spring-instrument-tomcat-4.0.1.RELEASE.jar;C:\Users\marth\OneDrive\Documents\netbeans\netbeans\java\modules\ext\spring-4\spring-jdbc-4.0.1.RELEASE.jar;C:\Users\marth\OneDrive\Documents\netbeans\netbeans\java\modules\ext\spring-4\spring-jms-4.0.1.RELEASE.jar;C:\Users\marth\OneDrive\Documents\netbeans\netbeans\java\modules\ext\spring-4\spring-messaging-4.0.1.RELEASE.jar;C:\Users\marth\OneDrive\Documents\netbeans\netbeans\java\modules\ext\spring-4\spring-orm-4.0.1.RELEASE.jar;C:\Users\marth\OneDrive\Documents\netbeans\netbeans\java\modules\ext\spring-4\spring-oxm-4.0.1.RELEASE.jar;C:\Users\marth\OneDrive\Documents\netbeans\netbeans\java\modules\ext\spring-4\spring-test-4.0.1.RELEASE.jar;C:\Users\marth\OneDrive\Documents\netbeans\netbeans\java\modules\ext\spring-4\spring-tx-4.0.1.RELEASE.jar;C:\Users\marth\OneDrive\Documents\netbeans\netbeans\java\modules\ext\spring-4\spring-web-4.0.1.RELEASE.jar;C:\Users\marth\OneDrive\Documents\netbeans\netbeans\java\modules\ext\spring-4\spring-webmvc-4.0.1.RELEASE.jar;C:\Users\marth\OneDrive\Documents\netbeans\netbeans\java\modules\ext\spring-4\spring-webmvc-portlet-4.0.1.RELEASE.jar;C:\Users\marth\OneDrive\Documents\netbeans\netbeans\java\modules\ext\spring-4\spring-websocket-4.0.1.RELEASE.jar" />
    <property name="libs.jaxb.classpath" value="C:\Users\marth\OneDrive\Documents\netbeans\netbeans\ide\modules\ext\jaxb\jaxb-impl-2.2.5-2.jar;C:\Users\marth\OneDrive\Documents\netbeans\netbeans\ide\modules\ext\jaxb\jaxb-xjc-2.2.5-2.jar;C:\Users\marth\OneDrive\Documents\netbeans\netbeans\ide\modules\ext\jaxb\jaxb1-impl-2.2.5-2.jar;C:\Users\marth\OneDrive\Documents\netbeans\netbeans\ide\modules\ext\jaxb\activation.jar;C:\Users\marth\OneDrive\Documents\netbeans\netbeans\ide\modules\ext\jaxb\api\jaxb-api.jar" />
    <property name="work.dir" value="C:\Users\marth\Desktop\Sheridan\WINTER 2019\SOFTWARE DESIGN\PlayBlackjack" />
    <property name="awt.toolkit" value="sun.awt.windows.WToolkit" />
    <property name="javadoc.use" value="true" />
    <property name="sun.cpu.isalist" value="amd64" />
    <property name="java.ext.dirs" value="C:\Program Files\Java\jdk1.8.0_181\jre\lib\ext;C:\WINDOWS\Sun\Java\lib\ext" />
    <property name="netbeans.default_userdir_root" value="C:\Users\marth\AppData\Roaming\NetBeans" />
    <property name="os.version" value="10.0" />
    <property name="jna.loaded" value="true" />
    <property name="excludes" value="" />
    <property name="user.home" value="C:\Users\marth" />
    <property name="org.xml.sax.driver" value="com.sun.org.apache.xerces.internal.jaxp.SAXParserImpl$JAXPSAXParser" />
    <property name="java.vm.vendor" value="Oracle Corporation" />
    <property name="libs.absolutelayout.maven-pom" value="" />
    <property name="user.dir" value="C:\Users\marth\Desktop\Sheridan\WINTER 2019\SOFTWARE DESIGN\PlayBlackjack" />
    <property name="debug-transport" value="dt_shmem" />
    <property name="application.args" value="" />
    <property name="debug.test.modulepath" value="" />
    <property name="sun.cpu.endian" value="little" />
    <property name="compile.on.save" value="true" />
    <property name="ignore.failing.tests" value="true" />
    <property name="libs.eclipselinkmodelgen.javadoc" value="" />
    <property name="endorsed.classpath.cmd.line.arg" value="" />
    <property name="jar.index" value="false" />
    <property name="libs.spring-framework300.javadoc" value="" />
    <property name="java.vm.version" value="25.181-b13" />
    <property name="libs.spring-framework400.javadoc" value="" />
    <property name="test.binaryincludes" value="&lt;nothing&gt;" />
    <property name="java.class.path" value="C:\Users\marth\Desktop\Sheridan\WINTER 2019\SOFTWARE DESIGN\PlayBlackjack\build\classes;C:\Users\marth\OneDrive\Documents\netbeans\netbeans\platform\modules\ext\junit-4.12.jar;C:\Users\marth\OneDrive\Documents\netbeans\netbeans\platform\modules\ext\hamcrest-core-1.3.jar;C:\Users\marth\Desktop\Sheridan\WINTER 2019\SOFTWARE DESIGN\PlayBlackjack\build\test\classes;C:\Users\marth\OneDrive\Documents\netbeans\netbeans\extide\ant\lib\ant-launcher.jar;C:\Users\marth\OneDrive\Documents\netbeans\netbeans\extide\ant\lib\ant.jar;C:\Users\marth\OneDrive\Documents\netbeans\netbeans\extide\ant\lib\ant-junit.jar;C:\Users\marth\OneDrive\Documents\netbeans\netbeans\extide\ant\lib\ant-junit4.jar" />
    <property name="annotation.processing.processor.options" value="" />
    <property name="tests.failed" value="true" />
    <property name="nb.internal.action.name" value="test" />
    <property name="os.arch" value="amd64" />
    <property name="javac.deprecation" value="false" />
    <property name="manifest.encoding" value="UTF-8" />
    <property name="libs.jpa20-persistence.maven-pom" value="" />
    <property name="build.classes.excludes" value="**/*.java,**/*.form" />
    <property name="dist.dir" value="dist" />
    <property name="netbeans.user" value="C:\Users\marth\AppData\Roaming\NetBeans\9.0" />
    <property name="debug.classpath" value=":build/classes" />
    <property name="sun.java.launcher" value="SUN_STANDARD" />
    <property name="jar.index.metainf" value="false" />
    <property name="platform.java" value="C:\Program Files\Java\jdk1.8.0_181\jre/bin/java" />
    <property name="annotation.processing.enabled.in.editor" value="false" />
    <property name="ant.core.lib" value="C:\Users\marth\OneDrive\Documents\netbeans\netbeans\extide\ant\lib\ant.jar" />
    <property name="java.vm.specification.vendor" value="Oracle Corporation" />
    <property name="run.modulepath" value="" />
    <property name="do.depend" value="false" />
    <property name="file.separator" value="\" />
    <property name="java.runtime.version" value="1.8.0_181-b13" />
    <property name="javac.test.modulepath" value="" />
    <property name="sun.boot.class.path" value="C:\Program Files\Java\jdk1.8.0_181\jre\lib\resources.jar;C:\Program Files\Java\jdk1.8.0_181\jre\lib\rt.jar;C:\Program Files\Java\jdk1.8.0_181\jre\lib\sunrsasign.jar;C:\Program Files\Java\jdk1.8.0_181\jre\lib\jsse.jar;C:\Program Files\Java\jdk1.8.0_181\jre\lib\jce.jar;C:\Program Files\Java\jdk1.8.0_181\jre\lib\charsets.jar;C:\Program Files\Java\jdk1.8.0_181\jre\lib\jfr.jar;C:\Program Files\Java\jdk1.8.0_181\jre\classes" />
    <property name="debug.test.classpath" value=":build/classes:C:\Users\marth\OneDrive\Documents\netbeans\netbeans\platform\modules\ext\junit-4.12.jar:C:\Users\marth\OneDrive\Documents\netbeans\netbeans\platform\modules\ext\hamcrest-core-1.3.jar:build/test/classes" />
    <property name="ant.file.PlayBlackjack-impl" value="C:\Users\marth\Desktop\Sheridan\WINTER 2019\SOFTWARE DESIGN\PlayBlackjack\nbproject\build-impl.xml" />
    <property name="nb.junit.batch" value="true" />
    <property name="have.tests" value="true" />
    <property name="main.class" value="playblackjack.PlayBlackjack" />
    <property name="libs.JWSAntTasks.maven-pom" value="" />
    <property name="run.test.modulepath" value="" />
    <property name="java.util.logging.config.class" value="org.netbeans.core.startup.TopLogging" />
    <property name="libs.javac-api.classpath" value="" />
    <property name="debug.modulepath" value="" />
    <property name="user.country" value="CA" />
    <property name="javadoc.notree" value="false" />
    <property name="libs.spring-framework300.maven-pom" value="" />
    <property name="libs.jaxws21.javadoc" value="C:\Users\marth\OneDrive\Documents\netbeans\netbeans\java\docs\jaxws-api-doc.zip" />
    <property name="default.javac.target" value="1.8" />
    <property name="javadoc.additionalparam" value="" />
    <property name="javac.classpath" value="" />
    <property name="build.classes.dir" value="build/classes" />
    <property name="org.netbeans.io.suspend" value="0" />
    <property name="do.archive+manifest.available" value="true" />
    <property name="java.vendor" value="Oracle Corporation" />
    <property name="javac.target" value="1.8" />
    <property name="org.openide.awt.ActionReference.completion" value="org.netbeans.modules.apisupport.project.layers.PathCompletions" />
    <property name="libs.eclipselink.classpath" value="C:\Users\marth\OneDrive\Documents\netbeans\netbeans\java\modules\ext\eclipselink\org.eclipse.persistence.core-2.5.2.jar;C:\Users\marth\OneDrive\Documents\netbeans\netbeans\java\modules\ext\eclipselink\org.eclipse.persistence.asm-2.5.2.jar;C:\Users\marth\OneDrive\Documents\netbeans\netbeans\java\modules\ext\eclipselink\org.eclipse.persistence.antlr-2.5.2.jar;C:\Users\marth\OneDrive\Documents\netbeans\netbeans\java\modules\ext\eclipselink\org.eclipse.persistence.jpa-2.5.2.jar;C:\Users\marth\OneDrive\Documents\netbeans\netbeans\java\modules\ext\eclipselink\org.eclipse.persistence.jpa.jpql-2.5.2.jar;C:\Users\marth\OneDrive\Documents\netbeans\netbeans\java\modules\ext\eclipselink\javax.persistence-2.1.0.jar" />
    <property name="runtime.encoding" value="UTF-8" />
    <property name="run.test.jvmargs" value="" />
    <property name="java.specification.version" value="1.8" />
    <property name="libs.JWSAntTasks.javadoc" value="" />
    <property name="sun.arch.data.model" value="64" />
    <property name="mkdist.disabled" value="false" />
  </properties>
  <testcase classname="playblackjack.PlayBlackjackTest" name="testCalculateAmount" time="0.008" />
  <testcase classname="playblackjack.PlayBlackjackTest" name="testShowPlayersHand" time="0.006">
    <failure message="The test case is a prototype." type="junit.framework.AssertionFailedError">junit.framework.AssertionFailedError: The test case is a prototype.
	at playblackjack.PlayBlackjackTest.testShowPlayersHand(PlayBlackjackTest.java:74)
</failure>
  </testcase>
  <testcase classname="playblackjack.PlayBlackjackTest" name="testShowDealersHand" time="0.001">
    <error message="Index: 0, Size: 0" type="java.lang.IndexOutOfBoundsException">java.lang.IndexOutOfBoundsException: Index: 0, Size: 0
	at java.util.ArrayList.rangeCheck(ArrayList.java:657)
	at java.util.ArrayList.get(ArrayList.java:433)
	at playblackjack.PlayBlackjack.showDealersHand(PlayBlackjack.java:149)
	at playblackjack.PlayBlackjackTest.testShowDealersHand(PlayBlackjackTest.java:60)
</error>
  </testcase>
  <testcase classname="playblackjack.PlayBlackjackTest" name="testDealersMove" time="0.002">
    <error type="java.lang.NullPointerException">java.lang.NullPointerException
	at playblackjack.PlayBlackjack.dealCard(PlayBlackjack.java:86)
	at playblackjack.PlayBlackjack.dealersMove(PlayBlackjack.java:171)
	at playblackjack.PlayBlackjackTest.testDealersMove(PlayBlackjackTest.java:84)
</error>
  </testcase>
  <testcase classname="playblackjack.PlayBlackjackTest" name="testDeclareWinnerDraw" time="0.001" />
  <system-out><![CDATA[calculateAmount for player 1
The current hand value: 0
showPlayersHand

Player's cards
showDealersHand
Dealer's cards
dealersMove
Dealer Hits
declareWinner
Draw
Draw
]]></system-out>
  <system-err><![CDATA[]]></system-err>
</testsuite>
